#
# A fatal error has been detected by the Java Runtime Environment:
#
#  Internal Error (0xc000000d), pid=3544, tid=0x0000000000000b6c
#
# JRE version: Java(TM) SE Runtime Environment (8.0_101-b13) (build 1.8.0_101-b13)
# Java VM: Java HotSpot(TM) 64-Bit Server VM (25.101-b13 mixed mode windows-amd64 compressed oops)
# Problematic frame:
# C  [ntdll.dll+0xfe5bc]
#
# Failed to write core dump. Minidumps are not enabled by default on client versions of Windows
#
# If you would like to submit a bug report, please visit:
#   http://bugreport.java.com/bugreport/crash.jsp
#

---------------  T H R E A D  ---------------

Current thread (0x0000000015015800):  VMThread [stack: 0x0000000015a90000,0x0000000015b90000] [id=2924]

siginfo: ExceptionCode=0xc000000d

Registers:
RAX=0x0000000000000001, RBX=0x00000000010634c0, RCX=0x0000000015017ae0, RDX=0x0000000000000000
RSP=0x0000000015b8eae0, RBP=0x0000000000000000, RSI=0x0000000017bd9600, RDI=0x0000000017bdd590
R8 =0x0000000000000000, R9 =0x0000000000000000, R10=0x0000000000000000, R11=0x0000000000000000
R12=0x0000000000000000, R13=0x00000000ffffffff, R14=0x0000000017bc6960, R15=0x0000000017bd9600
RIP=0x00007ff979e4e5bc, EFLAGS=0x0000000000000202

Top of Stack: (sp=0x0000000015b8eae0)
0x0000000015b8eae0:   0000000000000057 00000000010634c0
0x0000000015b8eaf0:   0000000017bd9600 0000000017bdd590
0x0000000015b8eb00:   00000000c000000d 0000000000000000
0x0000000015b8eb10:   00007ff979e4e5bc 0000000000000000
0x0000000015b8eb20:   0000000000000000 0000000000000000
0x0000000015b8eb30:   0000000000000000 0000000000000000
0x0000000015b8eb40:   0000000000000000 0000000000000000
0x0000000015b8eb50:   0000000000000000 0000000000000000
0x0000000015b8eb60:   0000000000000000 0000000000000000
0x0000000015b8eb70:   0000000000000000 0000000000000000
0x0000000015b8eb80:   0000000000000000 0000000000000000
0x0000000015b8eb90:   0000000000000000 00007ff979d8c468
0x0000000015b8eba0:   0000540095b6781a 0000000000000000
0x0000000015b8ebb0:   0000540095b679ca 00007ff979e109fb
0x0000000015b8ebc0:   0000000000000001 00007ff94ef1e8db
0x0000000015b8ebd0:   000000001ad5ee20 0000000015b8ece0 

Instructions: (pc=0x00007ff979e4e5bc)
0x00007ff979e4e59c:   d1 fa ff c7 44 24 20 0d 00 00 c0 b9 57 00 00 00
0x00007ff979e4e5ac:   e8 cf 0f f6 ff 90 48 8d 4c 24 20 e8 54 bb f4 ff
0x00007ff979e4e5bc:   eb 00 48 8b 8c 24 c0 00 00 00 48 33 cc e8 82 70
0x00007ff979e4e5cc:   f9 ff 48 81 c4 d8 00 00 00 c3 40 55 48 83 ec 20 


Register to memory mapping:

RAX=0x0000000000000001 is an unknown value
RBX=0x00000000010634c0 is an unknown value
RCX=0x0000000015017ae0 is an unknown value
RDX=0x0000000000000000 is an unknown value
RSP=0x0000000015b8eae0 is an unknown value
RBP=0x0000000000000000 is an unknown value
RSI=0x0000000017bd9600 is an unknown value
RDI=0x0000000017bdd590 is an unknown value
R8 =0x0000000000000000 is an unknown value
R9 =0x0000000000000000 is an unknown value
R10=0x0000000000000000 is an unknown value
R11=0x0000000000000000 is an unknown value
R12=0x0000000000000000 is an unknown value
R13=0x00000000ffffffff is an unallocated location in the heap
R14=0x0000000017bc6960 is an unknown value
R15=0x0000000017bd9600 is an unknown value


Stack: [0x0000000015a90000,0x0000000015b90000],  sp=0x0000000015b8eae0,  free space=1018k
Native frames: (J=compiled Java code, j=interpreted, Vv=VM code, C=native code)

VM_Operation (0x000000001775cd20): Exit, mode: safepoint, requested by thread 0x00000000167cb800


---------------  P R O C E S S  ---------------

Java Threads: ( => current thread )
  0x00000000192ee000 JavaThread "Thread-9" [_thread_blocked, id=6372, stack(0x000000001d0f0000,0x000000001d1f0000)]
  0x000000001653e000 JavaThread "Thread-8" [_thread_blocked, id=7196, stack(0x000000001ced0000,0x000000001cfd0000)]
  0x0000000019349000 JavaThread "Thread-7" [_thread_blocked, id=8424, stack(0x000000001cca0000,0x000000001cda0000)]
  0x00000000192e1800 JavaThread "Java Sound Event Dispatcher" daemon [_thread_blocked, id=8908, stack(0x000000001ae50000,0x000000001af50000)]
  0x0000000016885800 JavaThread "Audio Player" daemon [_thread_blocked, id=3744, stack(0x000000001a9f0000,0x000000001aaf0000)]
  0x00000000167cb800 JavaThread "AWT-EventQueue-0" [_thread_blocked, id=4060, stack(0x0000000017660000,0x0000000017760000)]
  0x00000000167ac000 JavaThread "AWT-Shutdown" [_thread_blocked, id=184, stack(0x0000000017050000,0x0000000017150000)]
  0x00000000167aa800 JavaThread "Java2D Disposer" daemon [_thread_blocked, id=5072, stack(0x0000000016f50000,0x0000000017050000)]
  0x00000000150aa000 JavaThread "Service Thread" daemon [_thread_blocked, id=9140, stack(0x0000000016290000,0x0000000016390000)]
  0x00000000150a3000 JavaThread "C1 CompilerThread1" daemon [_thread_blocked, id=3300, stack(0x0000000016190000,0x0000000016290000)]
  0x0000000015048000 JavaThread "C2 CompilerThread0" daemon [_thread_blocked, id=572, stack(0x0000000016090000,0x0000000016190000)]
  0x0000000015047000 JavaThread "Attach Listener" daemon [_thread_blocked, id=5200, stack(0x0000000015f90000,0x0000000016090000)]
  0x0000000015038800 JavaThread "Finalizer" daemon [_thread_blocked, id=5544, stack(0x0000000015c90000,0x0000000015d90000)]
  0x000000000181c000 JavaThread "Reference Handler" daemon [_thread_blocked, id=4076, stack(0x0000000015b90000,0x0000000015c90000)]
  0x0000000001730800 JavaThread "main" [_thread_blocked, id=9180, stack(0x00000000015f0000,0x00000000016f0000)]

Other Threads:
=>0x0000000015015800 VMThread [stack: 0x0000000015a90000,0x0000000015b90000] [id=2924]

VM state:at safepoint (shutting down)

VM Mutex/Monitor currently owned by a thread:  ([mutex/lock_event])
[0x0000000000bfb580] Threads_lock - owner thread: 0x0000000015015800

Heap:
 PSYoungGen      total 20480K, used 5026K [0x00000000eb580000, 0x00000000ed200000, 0x0000000100000000)
  eden space 15872K, 5% used [0x00000000eb580000,0x00000000eb653490,0x00000000ec500000)
  from space 4608K, 90% used [0x00000000ec500000,0x00000000ec915668,0x00000000ec980000)
  to   space 6656K, 0% used [0x00000000ecb80000,0x00000000ecb80000,0x00000000ed200000)
 ParOldGen       total 42496K, used 15133K [0x00000000c2000000, 0x00000000c4980000, 0x00000000eb580000)
  object space 42496K, 35% used [0x00000000c2000000,0x00000000c2ec7640,0x00000000c4980000)
 Metaspace       used 10693K, capacity 10904K, committed 11136K, reserved 1058816K
  class space    used 1254K, capacity 1329K, committed 1408K, reserved 1048576K

Card table byte_map: [0x0000000001bf0000,0x0000000001df0000] byte_map_base: 0x00000000015e0000

Marking Bits: (ParMarkBitMap*) 0x0000000062caa6d0
 Begin Bits: [0x0000000012600000, 0x0000000013580000)
 End Bits:   [0x0000000013580000, 0x0000000014500000)

Polling page: 0x0000000000be0000

CodeCache: size=245760Kb used=3177Kb max_used=3191Kb free=242582Kb
 bounds [0x0000000003400000, 0x0000000003730000, 0x0000000012400000]
 total_blobs=1574 nmethods=912 adapters=576
 compilation: enabled

Compilation events (10 events):
Event: 18.117 Thread 0x0000000015048000  967 %     4       org.opencv.utils.Converters::Mat_to_vector_Mat @ 87 (142 bytes)
Event: 18.147 Thread 0x0000000015048000 nmethod 967% 0x00000000037199d0 code [0x0000000003719b60, 0x000000000371a538]
Event: 18.147 Thread 0x0000000015048000  968 %     4       videoopencv.Videoopencv::detection_contours @ 55 (153 bytes)
Event: 18.192 Thread 0x0000000015048000 nmethod 968% 0x000000000371aed0 code [0x000000000371b0c0, 0x000000000371be20]
Event: 18.208 Thread 0x00000000150a3000  969       3       java.util.HashMap::values (25 bytes)
Event: 18.208 Thread 0x00000000150a3000 nmethod 969 0x00000000037200d0 code [0x0000000003720240, 0x0000000003720570]
Event: 18.208 Thread 0x00000000150a3000  970       3       java.util.HashMap$Values::iterator (12 bytes)
Event: 18.209 Thread 0x00000000150a3000 nmethod 970 0x0000000003719510 code [0x0000000003719680, 0x00000000037198e8]
Event: 18.269 Thread 0x0000000015048000  971 %     4       org.opencv.utils.Converters::Mat_to_vector_vector_Point @ 52 (107 bytes)
Event: 18.302 Thread 0x0000000015048000 nmethod 971% 0x000000000371d810 code [0x000000000371d9e0, 0x000000000371e280]

GC Heap History (10 events):
Event: 15.120 GC heap before
{Heap before GC invocations=13 (full 0):
 PSYoungGen      total 24064K, used 17977K [0x00000000eb580000, 0x00000000ed500000, 0x0000000100000000)
  eden space 15872K, 94% used [0x00000000eb580000,0x00000000ec42ff70,0x00000000ec500000)
  from space 8192K, 35% used [0x00000000ecd00000,0x00000000ecfde838,0x00000000ed500000)
  to   space 8192K, 0% used [0x00000000ec500000,0x00000000ec500000,0x00000000ecd00000)
 ParOldGen       total 42496K, used 15037K [0x00000000c2000000, 0x00000000c4980000, 0x00000000eb580000)
  object space 42496K, 35% used [0x00000000c2000000,0x00000000c2eaf5e8,0x00000000c4980000)
 Metaspace       used 10554K, capacity 10764K, committed 11136K, reserved 1058816K
  class space    used 1243K, capacity 1327K, committed 1408K, reserved 1048576K
Event: 15.125 GC heap after
Heap after GC invocations=13 (full 0):
 PSYoungGen      total 18944K, used 2842K [0x00000000eb580000, 0x00000000ed400000, 0x0000000100000000)
  eden space 15872K, 0% used [0x00000000eb580000,0x00000000eb580000,0x00000000ec500000)
  from space 3072K, 92% used [0x00000000ec500000,0x00000000ec7c6908,0x00000000ec800000)
  to   space 7680K, 0% used [0x00000000ecc80000,0x00000000ecc80000,0x00000000ed400000)
 ParOldGen       total 42496K, used 15045K [0x00000000c2000000, 0x00000000c4980000, 0x00000000eb580000)
  object space 42496K, 35% used [0x00000000c2000000,0x00000000c2eb15e8,0x00000000c4980000)
 Metaspace       used 10554K, capacity 10764K, committed 11136K, reserved 1058816K
  class space    used 1243K, capacity 1327K, committed 1408K, reserved 1048576K
}
Event: 15.923 GC heap before
{Heap before GC invocations=14 (full 0):
 PSYoungGen      total 18944K, used 17765K [0x00000000eb580000, 0x00000000ed400000, 0x0000000100000000)
  eden space 15872K, 94% used [0x00000000eb580000,0x00000000ec412b60,0x00000000ec500000)
  from space 3072K, 92% used [0x00000000ec500000,0x00000000ec7c6908,0x00000000ec800000)
  to   space 7680K, 0% used [0x00000000ecc80000,0x00000000ecc80000,0x00000000ed400000)
 ParOldGen       total 42496K, used 15045K [0x00000000c2000000, 0x00000000c4980000, 0x00000000eb580000)
  object space 42496K, 35% used [0x00000000c2000000,0x00000000c2eb15e8,0x00000000c4980000)
 Metaspace       used 10664K, capacity 10904K, committed 11136K, reserved 1058816K
  class space    used 1252K, capacity 1329K, committed 1408K, reserved 1048576K
Event: 15.931 GC heap after
Heap after GC invocations=14 (full 0):
 PSYoungGen      total 22528K, used 3307K [0x00000000eb580000, 0x00000000ed300000, 0x0000000100000000)
  eden space 15872K, 0% used [0x00000000eb580000,0x00000000eb580000,0x00000000ec500000)
  from space 6656K, 49% used [0x00000000ecc80000,0x00000000ecfbaf58,0x00000000ed300000)
  to   space 7168K, 0% used [0x00000000ec500000,0x00000000ec500000,0x00000000ecc00000)
 ParOldGen       total 42496K, used 15077K [0x00000000c2000000, 0x00000000c4980000, 0x00000000eb580000)
  object space 42496K, 35% used [0x00000000c2000000,0x00000000c2eb95f8,0x00000000c4980000)
 Metaspace       used 10664K, capacity 10904K, committed 11136K, reserved 1058816K
  class space    used 1252K, capacity 1329K, committed 1408K, reserved 1048576K
}
Event: 16.849 GC heap before
{Heap before GC invocations=15 (full 0):
 PSYoungGen      total 22528K, used 19179K [0x00000000eb580000, 0x00000000ed300000, 0x0000000100000000)
  eden space 15872K, 100% used [0x00000000eb580000,0x00000000ec500000,0x00000000ec500000)
  from space 6656K, 49% used [0x00000000ecc80000,0x00000000ecfbaf58,0x00000000ed300000)
  to   space 7168K, 0% used [0x00000000ec500000,0x00000000ec500000,0x00000000ecc00000)
 ParOldGen       total 42496K, used 15077K [0x00000000c2000000, 0x00000000c4980000, 0x00000000eb580000)
  object space 42496K, 35% used [0x00000000c2000000,0x00000000c2eb95f8,0x00000000c4980000)
 Metaspace       used 10668K, capacity 10904K, committed 11136K, reserved 1058816K
  class space    used 1252K, capacity 1329K, committed 1408K, reserved 1048576K
Event: 16.857 GC heap after
Heap after GC invocations=15 (full 0):
 PSYoungGen      total 23040K, used 4293K [0x00000000eb580000, 0x00000000ed300000, 0x0000000100000000)
  eden space 15872K, 0% used [0x00000000eb580000,0x00000000eb580000,0x00000000ec500000)
  from space 7168K, 59% used [0x00000000ec500000,0x00000000ec931638,0x00000000ecc00000)
  to   space 7168K, 0% used [0x00000000ecc00000,0x00000000ecc00000,0x00000000ed300000)
 ParOldGen       total 42496K, used 15109K [0x00000000c2000000, 0x00000000c4980000, 0x00000000eb580000)
  object space 42496K, 35% used [0x00000000c2000000,0x00000000c2ec1608,0x00000000c4980000)
 Metaspace       used 10668K, capacity 10904K, committed 11136K, reserved 1058816K
  class space    used 1252K, capacity 1329K, committed 1408K, reserved 1048576K
}
Event: 17.777 GC heap before
{Heap before GC invocations=16 (full 0):
 PSYoungGen      total 23040K, used 20072K [0x00000000eb580000, 0x00000000ed300000, 0x0000000100000000)
  eden space 15872K, 99% used [0x00000000eb580000,0x00000000ec4e89c8,0x00000000ec500000)
  from space 7168K, 59% used [0x00000000ec500000,0x00000000ec931638,0x00000000ecc00000)
  to   space 7168K, 0% used [0x00000000ecc00000,0x00000000ecc00000,0x00000000ed300000)
 ParOldGen       total 42496K, used 15109K [0x00000000c2000000, 0x00000000c4980000, 0x00000000eb580000)
  object space 42496K, 35% used [0x00000000c2000000,0x00000000c2ec1608,0x00000000c4980000)
 Metaspace       used 10683K, capacity 10904K, committed 11136K, reserved 1058816K
  class space    used 1252K, capacity 1329K, committed 1408K, reserved 1048576K
Event: 17.785 GC heap after
Heap after GC invocations=16 (full 0):
 PSYoungGen      total 23040K, used 3342K [0x00000000eb580000, 0x00000000ed300000, 0x0000000100000000)
  eden space 15872K, 0% used [0x00000000eb580000,0x00000000eb580000,0x00000000ec500000)
  from space 7168K, 46% used [0x00000000ecc00000,0x00000000ecf438e8,0x00000000ed300000)
  to   space 7168K, 0% used [0x00000000ec500000,0x00000000ec500000,0x00000000ecc00000)
 ParOldGen       total 42496K, used 15117K [0x00000000c2000000, 0x00000000c4980000, 0x00000000eb580000)
  object space 42496K, 35% used [0x00000000c2000000,0x00000000c2ec3608,0x00000000c4980000)
 Metaspace       used 10683K, capacity 10904K, committed 11136K, reserved 1058816K
  class space    used 1252K, capacity 1329K, committed 1408K, reserved 1048576K
}
Event: 18.516 GC heap before
{Heap before GC invocations=17 (full 0):
 PSYoungGen      total 23040K, used 19214K [0x00000000eb580000, 0x00000000ed300000, 0x0000000100000000)
  eden space 15872K, 100% used [0x00000000eb580000,0x00000000ec500000,0x00000000ec500000)
  from space 7168K, 46% used [0x00000000ecc00000,0x00000000ecf438e8,0x00000000ed300000)
  to   space 7168K, 0% used [0x00000000ec500000,0x00000000ec500000,0x00000000ecc00000)
 ParOldGen       total 42496K, used 15117K [0x00000000c2000000, 0x00000000c4980000, 0x00000000eb580000)
  object space 42496K, 35% used [0x00000000c2000000,0x00000000c2ec3640,0x00000000c4980000)
 Metaspace       used 10685K, capacity 10904K, committed 11136K, reserved 1058816K
  class space    used 1252K, capacity 1329K, committed 1408K, reserved 1048576K
Event: 18.522 GC heap after
Heap after GC invocations=17 (full 0):
 PSYoungGen      total 20480K, used 4181K [0x00000000eb580000, 0x00000000ed200000, 0x0000000100000000)
  eden space 15872K, 0% used [0x00000000eb580000,0x00000000eb580000,0x00000000ec500000)
  from space 4608K, 90% used [0x00000000ec500000,0x00000000ec915668,0x00000000ec980000)
  to   space 6656K, 0% used [0x00000000ecb80000,0x00000000ecb80000,0x00000000ed200000)
 ParOldGen       total 42496K, used 15133K [0x00000000c2000000, 0x00000000c4980000, 0x00000000eb580000)
  object space 42496K, 35% used [0x00000000c2000000,0x00000000c2ec7640,0x00000000c4980000)
 Metaspace       used 10685K, capacity 10904K, committed 11136K, reserved 1058816K
  class space    used 1252K, capacity 1329K, committed 1408K, reserved 1048576K
}

Deoptimization events (1 events):
Event: 5.972 Thread 0x000000000181c000 Uncommon trap: reason=unstable_if action=reinterpret pc=0x000000000366a8f4 method=java.lang.ref.Reference.tryHandlePending(Z)Z @ 104

Internal exceptions (10 events):
Event: 0.110 Thread 0x0000000001730800 Exception <a 'java/lang/NoSuchMethodError': Method sun.misc.Unsafe.defineClass(Ljava/lang/String;[BII)Ljava/lang/Class; name or signature does not match> (0x00000000eb587cc0) thrown at [C:\re\workspace\8-2-build-windows-amd64-cygwin\jdk8u101\7261\hotspot\sñ⁄{Íxº?
Event: 0.110 Thread 0x0000000001730800 Exception <a 'java/lang/NoSuchMethodError': Method sun.misc.Unsafe.prefetchRead(Ljava/lang/Object;J)V name or signature does not match> (0x00000000eb587fa8) thrown at [C:\re\workspace\8-2-build-windows-amd64-cygwin\jdk8u101\7261\hotspot\src\share\vm\prims\R»◊êx@‚?
Event: 0.570 Thread 0x0000000001730800 Exception <a 'java/security/PrivilegedActionException'> (0x00000000eb6a1468) thrown at [C:\re\workspace\8-2-build-windows-amd64-cygwin\jdk8u101\7261\hotspot\src\share\vm\prims\jvm.cpp, line 1386]
Event: 0.570 Thread 0x0000000001730800 Exception <a 'java/security/PrivilegedActionException'> (0x00000000eb6a1678) thrown at [C:\re\workspace\8-2-build-windows-amd64-cygwin\jdk8u101\7261\hotspot\src\share\vm\prims\jvm.cpp, line 1386]
Event: 0.572 Thread 0x0000000001730800 Exception <a 'java/security/PrivilegedActionException'> (0x00000000eb6a52c0) thrown at [C:\re\workspace\8-2-build-windows-amd64-cygwin\jdk8u101\7261\hotspot\src\share\vm\prims\jvm.cpp, line 1386]
Event: 0.572 Thread 0x0000000001730800 Exception <a 'java/security/PrivilegedActionException'> (0x00000000eb6a54d0) thrown at [C:\re\workspace\8-2-build-windows-amd64-cygwin\jdk8u101\7261\hotspot\src\share\vm\prims\jvm.cpp, line 1386]
Event: 0.590 Thread 0x0000000001730800 Exception <a 'java/io/FileNotFoundException'> (0x00000000eb6aa878) thrown at [C:\re\workspace\8-2-build-windows-amd64-cygwin\jdk8u101\7261\hotspot\src\share\vm\prims\jni.cpp, line 709]
Event: 0.735 Thread 0x0000000001730800 Exception <a 'java/lang/NoSuchFieldError': method resolution failed> (0x00000000eb778058) thrown at [C:\re\workspace\8-2-build-windows-amd64-cygwin\jdk8u101\7261\hotspot\src\share\vm\prims\methodHandles.cpp, line 1146]
Event: 0.756 Thread 0x0000000001730800 Exception <a 'java/lang/NoSuchFieldError': method resolution failed> (0x00000000eb785428) thrown at [C:\re\workspace\8-2-build-windows-amd64-cygwin\jdk8u101\7261\hotspot\src\share\vm\prims\methodHandles.cpp, line 1146]
Event: 0.901 Thread 0x0000000001730800 Exception <a 'java/io/FileNotFoundException'> (0x00000000eb819ab8) thrown at [C:\re\workspace\8-2-build-windows-amd64-cygwin\jdk8u101\7261\hotspot\src\share\vm\prims\jni.cpp, line 709]

Events (10 events):
Event: 18.555 loading class java/util/WeakHashMap$KeyIterator
Event: 18.555 loading class java/util/WeakHashMap$HashIterator
Event: 18.555 loading class java/util/WeakHashMap$HashIterator done
Event: 18.555 loading class java/util/WeakHashMap$KeyIterator done
Event: 18.555 Thread 0x000000001933f000 Thread exited: 0x000000001933f000
Event: 18.585 Thread 0x00000000167ae000 Thread exited: 0x00000000167ae000
Event: 18.605 Thread 0x0000000019291800 Thread exited: 0x0000000019291800
Event: 18.657 Thread 0x0000000019340000 Thread exited: 0x0000000019340000
Event: 18.658 Thread 0x0000000015043800 Thread exited: 0x0000000015043800
Event: 18.658 Executing VM operation: Exit


Dynamic libraries:
0x00007ff732e10000 - 0x00007ff732e47000 	C:\Program Files\Java\jre1.8.0_101\bin\javaw.exe
0x00007ff979d50000 - 0x00007ff979f21000 	C:\WINDOWS\SYSTEM32\ntdll.dll
0x00007ff979ac0000 - 0x00007ff979b6b000 	C:\WINDOWS\System32\KERNEL32.DLL
0x00007ff976d30000 - 0x00007ff976f4d000 	C:\WINDOWS\System32\KERNELBASE.dll
0x00007ff978fa0000 - 0x00007ff979042000 	C:\WINDOWS\System32\ADVAPI32.dll
0x00007ff979a20000 - 0x00007ff979abe000 	C:\WINDOWS\System32\msvcrt.dll
0x00007ff979ba0000 - 0x00007ff979bf9000 	C:\WINDOWS\System32\sechost.dll
0x00007ff979870000 - 0x00007ff979991000 	C:\WINDOWS\System32\RPCRT4.dll
0x00007ff979170000 - 0x00007ff9792d5000 	C:\WINDOWS\System32\USER32.dll
0x00007ff976240000 - 0x00007ff97625e000 	C:\WINDOWS\System32\win32u.dll
0x00007ff978dc0000 - 0x00007ff978df4000 	C:\WINDOWS\System32\GDI32.dll
0x00007ff976ba0000 - 0x00007ff976d22000 	C:\WINDOWS\System32\gdi32full.dll
0x00007ff96d050000 - 0x00007ff96d2c9000 	C:\WINDOWS\WinSxS\amd64_microsoft.windows.common-controls_6595b64144ccf1df_6.0.14393.0_none_2d0f50fcbdb171b8\COMCTL32.dll
0x00007ff9795a0000 - 0x00007ff979867000 	C:\WINDOWS\System32\combase.dll
0x00007ff976260000 - 0x00007ff976355000 	C:\WINDOWS\System32\ucrtbase.dll
0x00007ff9770a0000 - 0x00007ff97710a000 	C:\WINDOWS\System32\bcryptPrimitives.dll
0x00007ff979cb0000 - 0x00007ff979cde000 	C:\WINDOWS\System32\IMM32.DLL
0x00000000623b0000 - 0x0000000062482000 	C:\Program Files\Java\jre1.8.0_101\bin\msvcr100.dll
0x0000000062490000 - 0x0000000062d2a000 	C:\Program Files\Java\jre1.8.0_101\bin\server\jvm.dll
0x00007ff979ca0000 - 0x00007ff979ca8000 	C:\WINDOWS\System32\PSAPI.DLL
0x00007ff963e00000 - 0x00007ff963e09000 	C:\WINDOWS\SYSTEM32\WSOCK32.dll
0x00007ff979ce0000 - 0x00007ff979d4a000 	C:\WINDOWS\System32\WS2_32.dll
0x00007ff974640000 - 0x00007ff974663000 	C:\WINDOWS\SYSTEM32\WINMM.dll
0x00007ff966fb0000 - 0x00007ff966fba000 	C:\WINDOWS\SYSTEM32\VERSION.dll
0x00007ff974610000 - 0x00007ff97463b000 	C:\WINDOWS\SYSTEM32\WINMMBASE.dll
0x00007ff976360000 - 0x00007ff9763a2000 	C:\WINDOWS\System32\cfgmgr32.dll
0x00000000623a0000 - 0x00000000623af000 	C:\Program Files\Java\jre1.8.0_101\bin\verify.dll
0x0000000062370000 - 0x0000000062399000 	C:\Program Files\Java\jre1.8.0_101\bin\java.dll
0x0000000062350000 - 0x0000000062366000 	C:\Program Files\Java\jre1.8.0_101\bin\zip.dll
0x00007ff9778b0000 - 0x00007ff978db8000 	C:\WINDOWS\System32\SHELL32.dll
0x00007ff9764c0000 - 0x00007ff976b9a000 	C:\WINDOWS\System32\windows.storage.dll
0x00007ff9761d0000 - 0x00007ff97621c000 	C:\WINDOWS\System32\powrprof.dll
0x00007ff9792e0000 - 0x00007ff979332000 	C:\WINDOWS\System32\shlwapi.dll
0x00007ff976220000 - 0x00007ff97622f000 	C:\WINDOWS\System32\kernel.appcore.dll
0x00007ff976ff0000 - 0x00007ff977099000 	C:\WINDOWS\System32\shcore.dll
0x00007ff9761b0000 - 0x00007ff9761c4000 	C:\WINDOWS\System32\profapi.dll
0x00007ff94cfd0000 - 0x00007ff94d9a5000 	C:\opencv\opencv\build\java\x64\opencv_java2413.dll
0x00007ff9772e0000 - 0x00007ff977417000 	C:\WINDOWS\System32\ole32.dll
0x00007ff9790b0000 - 0x00007ff97916f000 	C:\WINDOWS\System32\OLEAUT32.dll
0x00007ff976f50000 - 0x00007ff976fec000 	C:\WINDOWS\System32\msvcp_win.dll
0x00007ff969ae0000 - 0x00007ff969b00000 	C:\WINDOWS\SYSTEM32\AVIFIL32.dll
0x00007ff95d6c0000 - 0x00007ff95d6e9000 	C:\WINDOWS\SYSTEM32\MSVFW32.dll
0x00007ff969ac0000 - 0x00007ff969ad8000 	C:\WINDOWS\SYSTEM32\AVICAP32.dll
0x00007ff972a40000 - 0x00007ff972a5c000 	C:\WINDOWS\SYSTEM32\MSACM32.dll
0x0000000062120000 - 0x00000000622b8000 	C:\Program Files\Java\jre1.8.0_101\bin\awt.dll
0x00007ff974760000 - 0x00007ff9747da000 	C:\WINDOWS\SYSTEM32\apphelp.dll
0x00007ff974260000 - 0x00007ff974286000 	C:\WINDOWS\system32\DWMAPI.DLL
0x00007ff974940000 - 0x00007ff9749d5000 	C:\WINDOWS\system32\uxtheme.dll
0x00007ff979340000 - 0x00007ff97949b000 	C:\WINDOWS\System32\MSCTF.dll
0x00000000620d0000 - 0x0000000062117000 	C:\Program Files\Java\jre1.8.0_101\bin\fontmanager.dll
0x00007ff979c00000 - 0x00007ff979c9f000 	C:\WINDOWS\System32\clbcatq.dll
0x00007ff963ca0000 - 0x00007ff963cb8000 	C:\Windows\System32\devenum.dll
0x00007ff977420000 - 0x00007ff977849000 	C:\WINDOWS\System32\setupapi.dll
0x00007ff975560000 - 0x00007ff975592000 	C:\WINDOWS\SYSTEM32\ntmarta.dll
0x00007ff974e80000 - 0x00007ff974ea8000 	C:\WINDOWS\SYSTEM32\DEVOBJ.dll
0x00007ff9763b0000 - 0x00007ff976405000 	C:\WINDOWS\System32\WINTRUST.dll
0x00007ff976230000 - 0x00007ff976240000 	C:\WINDOWS\System32\MSASN1.dll
0x00007ff977110000 - 0x00007ff9772d8000 	C:\WINDOWS\System32\CRYPT32.dll
0x00007ff96c8c0000 - 0x00007ff96c8ca000 	C:\WINDOWS\SYSTEM32\msdmo.dll
0x00007ff95aff0000 - 0x00007ff95b023000 	C:\Windows\System32\qcap.dll
0x00007ff94c530000 - 0x00007ff94c6f3000 	C:\Windows\System32\quartz.dll
0x00007ff9760f0000 - 0x00007ff97611b000 	C:\Windows\System32\bcrypt.dll
0x00007ff95a5b0000 - 0x00007ff95a5f8000 	C:\Windows\System32\mfksproxy.dll
0x00007ff95e070000 - 0x00007ff95e08c000 	C:\Windows\System32\ATL.DLL
0x00007ff972840000 - 0x00007ff9729a8000 	C:\Windows\System32\MFPlat.DLL
0x00007ff971bc0000 - 0x00007ff971bee000 	C:\Windows\System32\RTWorkQ.DLL
0x0000000062330000 - 0x000000006234a000 	C:\Program Files\Java\jre1.8.0_101\bin\net.dll
0x00007ff946420000 - 0x00007ff94680b000 	C:\Windows\System32\MFCORE.dll
0x00007ff96ca60000 - 0x00007ff96ca69000 	C:\Windows\System32\ksuser.dll
0x00007ff975c40000 - 0x00007ff975c4b000 	C:\Windows\System32\CRYPTBASE.DLL
0x00007ff975820000 - 0x00007ff97587c000 	C:\WINDOWS\system32\mswsock.dll
0x00007ff959a60000 - 0x00007ff959ab3000 	C:\Windows\System32\FSClient.dll
0x00007ff96e880000 - 0x00007ff96e8cd000 	C:\Windows\System32\MFSENSORGROUP.dll
0x0000000062310000 - 0x0000000062321000 	C:\Program Files\Java\jre1.8.0_101\bin\nio.dll
0x00007ff972b60000 - 0x00007ff972b6b000 	C:\Windows\System32\AVRT.dll
0x0000000062080000 - 0x00000000620c2000 	C:\Program Files\Java\jre1.8.0_101\bin\t2k.dll
0x00007ff972a10000 - 0x00007ff972a1d000 	C:\Windows\System32\vidcap.ax
0x00007ff959ec0000 - 0x00007ff959ee5000 	C:\Windows\System32\kswdmcap.ax
0x00007ff94bfb0000 - 0x00007ff94c113000 	C:\Windows\System32\MFC42.dll
0x00007ff94be50000 - 0x00007ff94beff000 	C:\Windows\System32\ODBC32.dll
0x00007ff975aa0000 - 0x00007ff975aaa000 	C:\Windows\System32\DPAPI.dll
0x00007ff96a070000 - 0x00007ff96a0b3000 	C:\WINDOWS\SYSTEM32\policymanager.dll
0x00007ff974c00000 - 0x00007ff974c91000 	C:\Windows\System32\msvcp110_win.dll
0x00007ff94ef00000 - 0x00007ff94efd4000 	C:\Windows\System32\MFReadWrite.dll
0x00007ff94bda0000 - 0x00007ff94be43000 	C:\Windows\System32\qedit.dll
0x00007ff9794a0000 - 0x00007ff97959a000 	C:\WINDOWS\System32\COMDLG32.dll
0x00007ff9678b0000 - 0x00007ff967a49000 	C:\WINDOWS\WinSxS\amd64_microsoft.windows.gdiplus_6595b64144ccf1df_1.1.14393.187_none_730402f52114ff50\gdiplus.dll
0x00007ff94bca0000 - 0x00007ff94bd97000 	C:\Windows\System32\DDRAW.dll
0x00007ff9711c0000 - 0x00007ff9711c8000 	C:\Windows\System32\DCIMAN32.dll
0x00007ff96cde0000 - 0x00007ff96cdec000 	C:\WINDOWS\SYSTEM32\msyuv.dll
0x00007ff975c20000 - 0x00007ff975c37000 	C:\WINDOWS\SYSTEM32\CRYPTSP.dll
0x00007ff975a60000 - 0x00007ff975a93000 	C:\WINDOWS\system32\rsaenh.dll
0x00007ff975b00000 - 0x00007ff975b1f000 	C:\WINDOWS\SYSTEM32\USERENV.dll
0x00007ff9755d0000 - 0x00007ff975608000 	C:\WINDOWS\SYSTEM32\IPHLPAPI.DLL
0x00007ff979b70000 - 0x00007ff979b78000 	C:\WINDOWS\System32\NSI.dll
0x00007ff970a90000 - 0x00007ff970aa6000 	C:\WINDOWS\SYSTEM32\dhcpcsvc6.DLL
0x00007ff970a70000 - 0x00007ff970a8a000 	C:\WINDOWS\SYSTEM32\dhcpcsvc.DLL
0x0000000062040000 - 0x0000000062071000 	C:\Program Files\Java\jre1.8.0_101\bin\jpeg.dll
0x0000000062030000 - 0x000000006203c000 	C:\Program Files\Java\jre1.8.0_101\bin\jsound.dll
0x0000000062020000 - 0x000000006202b000 	C:\Program Files\Java\jre1.8.0_101\bin\jsoundds.dll
0x00007ff9704a0000 - 0x00007ff97053b000 	C:\WINDOWS\SYSTEM32\DSOUND.dll
0x00007ff96e070000 - 0x00007ff96e0e1000 	C:\WINDOWS\SYSTEM32\MMDevAPI.DLL
0x00007ff973e30000 - 0x00007ff973fb5000 	C:\WINDOWS\SYSTEM32\PROPSYS.dll
0x00007ff959ac0000 - 0x00007ff959aff000 	C:\WINDOWS\SYSTEM32\wdmaud.drv
0x00007ff95b5b0000 - 0x00007ff95b644000 	C:\WINDOWS\SYSTEM32\AUDIOSES.DLL
0x00007ff973360000 - 0x00007ff973496000 	C:\WINDOWS\SYSTEM32\wintypes.dll
0x00007ff96ce40000 - 0x00007ff96ce4d000 	C:\WINDOWS\SYSTEM32\msacm32.drv
0x00007ff96b460000 - 0x00007ff96b46a000 	C:\WINDOWS\SYSTEM32\midimap.dll
0x00007ff95eb90000 - 0x00007ff95ed22000 	C:\WINDOWS\SYSTEM32\dbghelp.dll

VM Arguments:
jvm_args: -Djava.library.path=C:\opencv\opencv\build\java\x64 -Dfile.encoding=Cp1252 
java_command: videoopencv.Videoopencv
java_class_path (initial): C:\workspace\TesteOpenCV\bin;C:\opencv\opencv\build\java\opencv-2413.jar
Launcher Type: SUN_STANDARD

Environment Variables:
PATH=C:/Program Files/Java/jre1.8.0_101/bin/server;C:/Program Files/Java/jre1.8.0_101/bin;C:/Program Files/Java/jre1.8.0_101/lib/amd64;C:\ProgramData\Oracle\Java\javapath;C:\WINDOWS\system32;C:\WINDOWS;C:\WINDOWS\System32\Wbem;C:\WINDOWS\System32\WindowsPowerShell\v1.0\;C:\HashiCorp\Vagrant\bin;C:\Users\beatr\AppData\Local\Microsoft\WindowsApps;;C:\Users\beatr\Downloads\eclipse-jee-luna-SR2-win32-x86_64\eclipse;
USERNAME=beatr
OS=Windows_NT
PROCESSOR_IDENTIFIER=Intel64 Family 6 Model 42 Stepping 7, GenuineIntel



---------------  S Y S T E M  ---------------

OS: Windows 10.0 , 64 bit Build 14393 (10.0.14393.0)

CPU:total 2 (2 cores per cpu, 1 threads per core) family 6 model 42 stepping 7, cmov, cx8, fxsr, mmx, sse, sse2, sse3, ssse3, sse4.1, sse4.2, popcnt, clmul, tsc, tscinvbit

Memory: 4k page, physical 4060556k(1948368k free), swap 5698956k(2839568k free)

vm_info: Java HotSpot(TM) 64-Bit Server VM (25.101-b13) for windows-amd64 JRE (1.8.0_101-b13), built on Jun 22 2016 01:21:29 by "java_re" with MS VC++ 10.0 (VS2010)

time: Wed Sep 28 15:57:42 2016
elapsed time: 19 seconds (0d 0h 0m 19s)

